{"/Users/Darrelgiovanni/Desktop/final project/baliku_server_mongodb/app.js": {"path":"/Users/Darrelgiovanni/Desktop/final project/baliku_server_mongodb/app.js","statementMap":{"0":{"start":{"line":1,"column":0},"end":{"line":1,"column":27}},"1":{"start":{"line":2,"column":16},"end":{"line":2,"column":34}},"2":{"start":{"line":5,"column":15},"end":{"line":5,"column":40}},"3":{"start":{"line":7,"column":12},"end":{"line":7,"column":21}},"4":{"start":{"line":9,"column":0},"end":{"line":9,"column":48}},"5":{"start":{"line":10,"column":0},"end":{"line":10,"column":24}},"6":{"start":{"line":11,"column":0},"end":{"line":11,"column":16}},"7":{"start":{"line":14,"column":0},"end":{"line":14,"column":21}}},"fnMap":{},"branchMap":{},"s":{"0":3,"1":3,"2":3,"3":3,"4":3,"5":3,"6":3,"7":3},"f":{},"b":{},"_coverageSchema":"1a1c01bbd47fc00a2c39e90264f33305004495a9","hash":"8427103924677577baf33f8029021c19bb450ac8"}
,"/Users/Darrelgiovanni/Desktop/final project/baliku_server_mongodb/config/index.js": {"path":"/Users/Darrelgiovanni/Desktop/final project/baliku_server_mongodb/config/index.js","statementMap":{"0":{"start":{"line":24,"column":17},"end":{"line":24,"column":36}},"1":{"start":{"line":25,"column":12},"end":{"line":25,"column":14}},"2":{"start":{"line":27,"column":18},"end":{"line":39,"column":1}},"3":{"start":{"line":28,"column":4},"end":{"line":38,"column":5}},"4":{"start":{"line":29,"column":8},"end":{"line":34,"column":11}},"5":{"start":{"line":41,"column":0},"end":{"line":41,"column":27}}},"fnMap":{"0":{"name":"(anonymous_0)","decl":{"start":{"line":27,"column":18},"end":{"line":27,"column":19}},"loc":{"start":{"line":27,"column":38},"end":{"line":39,"column":1}},"line":27}},"branchMap":{},"s":{"0":3,"1":3,"2":3,"3":3,"4":3,"5":3},"f":{"0":3},"b":{},"_coverageSchema":"1a1c01bbd47fc00a2c39e90264f33305004495a9","hash":"683f3db3cd939b194e20cac78a5581f9c6153466"}
,"/Users/Darrelgiovanni/Desktop/final project/baliku_server_mongodb/controllers/controllerItinerary.js": {"path":"/Users/Darrelgiovanni/Desktop/final project/baliku_server_mongodb/controllers/controllerItinerary.js","statementMap":{"0":{"start":{"line":1,"column":21},"end":{"line":1,"column":39}},"1":{"start":{"line":2,"column":18},"end":{"line":2,"column":48}},"2":{"start":{"line":7,"column":32},"end":{"line":7,"column":40}},"3":{"start":{"line":8,"column":8},"end":{"line":17,"column":9}},"4":{"start":{"line":9,"column":27},"end":{"line":9,"column":59}},"5":{"start":{"line":11,"column":12},"end":{"line":11,"column":43}},"6":{"start":{"line":21,"column":23},"end":{"line":21,"column":33}},"7":{"start":{"line":23,"column":8},"end":{"line":33,"column":9}},"8":{"start":{"line":24,"column":27},"end":{"line":24,"column":63}},"9":{"start":{"line":25,"column":12},"end":{"line":29,"column":13}},"10":{"start":{"line":26,"column":16},"end":{"line":26,"column":54}},"11":{"start":{"line":28,"column":16},"end":{"line":28,"column":80}},"12":{"start":{"line":37,"column":32},"end":{"line":37,"column":40}},"13":{"start":{"line":42,"column":142},"end":{"line":42,"column":150}},"14":{"start":{"line":61,"column":8},"end":{"line":84,"column":9}},"15":{"start":{"line":62,"column":27},"end":{"line":62,"column":60}},"16":{"start":{"line":64,"column":31},"end":{"line":70,"column":14}},"17":{"start":{"line":71,"column":12},"end":{"line":71,"column":49}},"18":{"start":{"line":74,"column":12},"end":{"line":74,"column":50}},"19":{"start":{"line":88,"column":32},"end":{"line":88,"column":40}},"20":{"start":{"line":89,"column":19},"end":{"line":89,"column":32}},"21":{"start":{"line":91,"column":45},"end":{"line":91,"column":53}},"22":{"start":{"line":94,"column":8},"end":{"line":121,"column":9}},"23":{"start":{"line":95,"column":12},"end":{"line":95,"column":79}},"24":{"start":{"line":97,"column":37},"end":{"line":102,"column":13}},"25":{"start":{"line":104,"column":12},"end":{"line":120,"column":13}},"26":{"start":{"line":105,"column":31},"end":{"line":107,"column":18}},"27":{"start":{"line":111,"column":16},"end":{"line":116,"column":17}},"28":{"start":{"line":113,"column":20},"end":{"line":113,"column":58}},"29":{"start":{"line":115,"column":20},"end":{"line":115,"column":84}},"30":{"start":{"line":125,"column":19},"end":{"line":125,"column":32}},"31":{"start":{"line":126,"column":8},"end":{"line":141,"column":9}},"32":{"start":{"line":127,"column":27},"end":{"line":127,"column":63}},"33":{"start":{"line":128,"column":12},"end":{"line":133,"column":13}},"34":{"start":{"line":129,"column":16},"end":{"line":129,"column":66}},"35":{"start":{"line":130,"column":16},"end":{"line":130,"column":47}},"36":{"start":{"line":132,"column":16},"end":{"line":132,"column":80}},"37":{"start":{"line":145,"column":19},"end":{"line":145,"column":32}},"38":{"start":{"line":148,"column":8},"end":{"line":164,"column":9}},"39":{"start":{"line":149,"column":12},"end":{"line":149,"column":74}},"40":{"start":{"line":151,"column":12},"end":{"line":163,"column":13}},"41":{"start":{"line":152,"column":31},"end":{"line":152,"column":112}},"42":{"start":{"line":154,"column":16},"end":{"line":159,"column":17}},"43":{"start":{"line":156,"column":20},"end":{"line":156,"column":58}},"44":{"start":{"line":158,"column":20},"end":{"line":158,"column":84}},"45":{"start":{"line":168,"column":0},"end":{"line":168,"column":28}}},"fnMap":{"0":{"name":"(anonymous_0)","decl":{"start":{"line":5,"column":4},"end":{"line":5,"column":5}},"loc":{"start":{"line":5,"column":42},"end":{"line":18,"column":5}},"line":5},"1":{"name":"(anonymous_1)","decl":{"start":{"line":20,"column":4},"end":{"line":20,"column":5}},"loc":{"start":{"line":20,"column":34},"end":{"line":34,"column":5}},"line":20},"2":{"name":"(anonymous_2)","decl":{"start":{"line":36,"column":4},"end":{"line":36,"column":5}},"loc":{"start":{"line":36,"column":41},"end":{"line":85,"column":5}},"line":36},"3":{"name":"(anonymous_3)","decl":{"start":{"line":87,"column":4},"end":{"line":87,"column":5}},"loc":{"start":{"line":87,"column":40},"end":{"line":122,"column":5}},"line":87},"4":{"name":"(anonymous_4)","decl":{"start":{"line":124,"column":4},"end":{"line":124,"column":5}},"loc":{"start":{"line":124,"column":43},"end":{"line":142,"column":5}},"line":124},"5":{"name":"(anonymous_5)","decl":{"start":{"line":144,"column":4},"end":{"line":144,"column":5}},"loc":{"start":{"line":144,"column":39},"end":{"line":165,"column":5}},"line":144}},"branchMap":{"0":{"loc":{"start":{"line":25,"column":12},"end":{"line":29,"column":13}},"type":"if","locations":[{"start":{"line":25,"column":12},"end":{"line":29,"column":13}},{"start":{"line":25,"column":12},"end":{"line":29,"column":13}}],"line":25},"1":{"loc":{"start":{"line":94,"column":8},"end":{"line":121,"column":9}},"type":"if","locations":[{"start":{"line":94,"column":8},"end":{"line":121,"column":9}},{"start":{"line":94,"column":8},"end":{"line":121,"column":9}}],"line":94},"2":{"loc":{"start":{"line":94,"column":12},"end":{"line":94,"column":43}},"type":"binary-expr","locations":[{"start":{"line":94,"column":12},"end":{"line":94,"column":20}},{"start":{"line":94,"column":24},"end":{"line":94,"column":33}},{"start":{"line":94,"column":37},"end":{"line":94,"column":43}}],"line":94},"3":{"loc":{"start":{"line":111,"column":16},"end":{"line":116,"column":17}},"type":"if","locations":[{"start":{"line":111,"column":16},"end":{"line":116,"column":17}},{"start":{"line":111,"column":16},"end":{"line":116,"column":17}}],"line":111},"4":{"loc":{"start":{"line":128,"column":12},"end":{"line":133,"column":13}},"type":"if","locations":[{"start":{"line":128,"column":12},"end":{"line":133,"column":13}},{"start":{"line":128,"column":12},"end":{"line":133,"column":13}}],"line":128},"5":{"loc":{"start":{"line":148,"column":8},"end":{"line":164,"column":9}},"type":"if","locations":[{"start":{"line":148,"column":8},"end":{"line":164,"column":9}},{"start":{"line":148,"column":8},"end":{"line":164,"column":9}}],"line":148},"6":{"loc":{"start":{"line":154,"column":16},"end":{"line":159,"column":17}},"type":"if","locations":[{"start":{"line":154,"column":16},"end":{"line":159,"column":17}},{"start":{"line":154,"column":16},"end":{"line":159,"column":17}}],"line":154}},"s":{"0":3,"1":3,"2":1,"3":1,"4":1,"5":1,"6":2,"7":2,"8":2,"9":2,"10":1,"11":1,"12":2,"13":2,"14":2,"15":2,"16":2,"17":2,"18":1,"19":3,"20":3,"21":3,"22":3,"23":1,"24":2,"25":2,"26":2,"27":2,"28":1,"29":1,"30":2,"31":2,"32":2,"33":2,"34":1,"35":1,"36":1,"37":3,"38":3,"39":1,"40":2,"41":2,"42":2,"43":1,"44":1,"45":3},"f":{"0":1,"1":2,"2":2,"3":3,"4":2,"5":3},"b":{"0":[1,1],"1":[1,2],"2":[3,2,2],"3":[1,1],"4":[1,1],"5":[1,2],"6":[1,1]},"_coverageSchema":"1a1c01bbd47fc00a2c39e90264f33305004495a9","hash":"1f46f631ff13dbac21f8bc44f3ba7608d313555f"}
,"/Users/Darrelgiovanni/Desktop/final project/baliku_server_mongodb/controllers/controllerTransaction.js": {"path":"/Users/Darrelgiovanni/Desktop/final project/baliku_server_mongodb/controllers/controllerTransaction.js","statementMap":{"0":{"start":{"line":1,"column":21},"end":{"line":1,"column":39}},"1":{"start":{"line":2,"column":20},"end":{"line":2,"column":52}},"2":{"start":{"line":6,"column":23},"end":{"line":6,"column":35}},"3":{"start":{"line":8,"column":8},"end":{"line":15,"column":9}},"4":{"start":{"line":9,"column":29},"end":{"line":9,"column":63}},"5":{"start":{"line":11,"column":12},"end":{"line":11,"column":43}},"6":{"start":{"line":19,"column":23},"end":{"line":19,"column":33}},"7":{"start":{"line":21,"column":8},"end":{"line":31,"column":9}},"8":{"start":{"line":22,"column":27},"end":{"line":22,"column":65}},"9":{"start":{"line":23,"column":12},"end":{"line":27,"column":13}},"10":{"start":{"line":24,"column":16},"end":{"line":24,"column":54}},"11":{"start":{"line":26,"column":16},"end":{"line":26,"column":82}},"12":{"start":{"line":35,"column":21},"end":{"line":35,"column":31}},"13":{"start":{"line":36,"column":43},"end":{"line":36,"column":51}},"14":{"start":{"line":37,"column":23},"end":{"line":37,"column":35}},"15":{"start":{"line":38,"column":8},"end":{"line":49,"column":9}},"16":{"start":{"line":39,"column":29},"end":{"line":39,"column":95}},"17":{"start":{"line":41,"column":12},"end":{"line":41,"column":43}},"18":{"start":{"line":44,"column":12},"end":{"line":48,"column":13}},"19":{"start":{"line":45,"column":16},"end":{"line":45,"column":50}},"20":{"start":{"line":63,"column":0},"end":{"line":63,"column":28}}},"fnMap":{"0":{"name":"(anonymous_0)","decl":{"start":{"line":5,"column":4},"end":{"line":5,"column":5}},"loc":{"start":{"line":5,"column":42},"end":{"line":16,"column":5}},"line":5},"1":{"name":"(anonymous_1)","decl":{"start":{"line":18,"column":4},"end":{"line":18,"column":5}},"loc":{"start":{"line":18,"column":45},"end":{"line":32,"column":5}},"line":18},"2":{"name":"(anonymous_2)","decl":{"start":{"line":34,"column":4},"end":{"line":34,"column":5}},"loc":{"start":{"line":34,"column":42},"end":{"line":50,"column":5}},"line":34}},"branchMap":{"0":{"loc":{"start":{"line":23,"column":12},"end":{"line":27,"column":13}},"type":"if","locations":[{"start":{"line":23,"column":12},"end":{"line":27,"column":13}},{"start":{"line":23,"column":12},"end":{"line":27,"column":13}}],"line":23},"1":{"loc":{"start":{"line":44,"column":12},"end":{"line":48,"column":13}},"type":"if","locations":[{"start":{"line":44,"column":12},"end":{"line":48,"column":13}}],"line":44}},"s":{"0":3,"1":3,"2":1,"3":1,"4":1,"5":1,"6":2,"7":2,"8":2,"9":2,"10":1,"11":1,"12":2,"13":2,"14":2,"15":2,"16":2,"17":1,"18":1,"19":1,"20":3},"f":{"0":1,"1":2,"2":2},"b":{"0":[1,1],"1":[1]},"_coverageSchema":"1a1c01bbd47fc00a2c39e90264f33305004495a9","hash":"3114ab2c001caaa6fb41b9bc9951ce08a209d09e"}
,"/Users/Darrelgiovanni/Desktop/final project/baliku_server_mongodb/controllers/controllerUser.js": {"path":"/Users/Darrelgiovanni/Desktop/final project/baliku_server_mongodb/controllers/controllerUser.js","statementMap":{"0":{"start":{"line":1,"column":21},"end":{"line":1,"column":39}},"1":{"start":{"line":2,"column":13},"end":{"line":2,"column":38}},"2":{"start":{"line":3,"column":15},"end":{"line":3,"column":32}},"3":{"start":{"line":4,"column":12},"end":{"line":4,"column":35}},"4":{"start":{"line":5,"column":26},"end":{"line":5,"column":57}},"5":{"start":{"line":9,"column":34},"end":{"line":9,"column":42}},"6":{"start":{"line":10,"column":8},"end":{"line":13,"column":9}},"7":{"start":{"line":11,"column":12},"end":{"line":11,"column":52}},"8":{"start":{"line":12,"column":12},"end":{"line":12,"column":19}},"9":{"start":{"line":14,"column":21},"end":{"line":14,"column":43}},"10":{"start":{"line":15,"column":8},"end":{"line":15,"column":51}},"11":{"start":{"line":16,"column":8},"end":{"line":28,"column":9}},"12":{"start":{"line":17,"column":29},"end":{"line":17,"column":67}},"13":{"start":{"line":19,"column":12},"end":{"line":19,"column":43}},"14":{"start":{"line":23,"column":12},"end":{"line":27,"column":13}},"15":{"start":{"line":24,"column":16},"end":{"line":24,"column":50}},"16":{"start":{"line":32,"column":36},"end":{"line":32,"column":44}},"17":{"start":{"line":34,"column":8},"end":{"line":50,"column":9}},"18":{"start":{"line":35,"column":29},"end":{"line":35,"column":58}},"19":{"start":{"line":36,"column":12},"end":{"line":46,"column":13}},"20":{"start":{"line":38,"column":16},"end":{"line":38,"column":61}},"21":{"start":{"line":39,"column":19},"end":{"line":46,"column":13}},"22":{"start":{"line":40,"column":28},"end":{"line":40,"column":129}},"23":{"start":{"line":42,"column":16},"end":{"line":42,"column":55}},"24":{"start":{"line":44,"column":16},"end":{"line":44,"column":38}},"25":{"start":{"line":45,"column":16},"end":{"line":45,"column":69}},"26":{"start":{"line":54,"column":8},"end":{"line":61,"column":9}},"27":{"start":{"line":55,"column":29},"end":{"line":55,"column":46}},"28":{"start":{"line":57,"column":12},"end":{"line":57,"column":43}},"29":{"start":{"line":65,"column":0},"end":{"line":65,"column":28}}},"fnMap":{"0":{"name":"(anonymous_0)","decl":{"start":{"line":8,"column":4},"end":{"line":8,"column":5}},"loc":{"start":{"line":8,"column":36},"end":{"line":29,"column":5}},"line":8},"1":{"name":"(anonymous_1)","decl":{"start":{"line":30,"column":4},"end":{"line":30,"column":5}},"loc":{"start":{"line":30,"column":33},"end":{"line":51,"column":5}},"line":30},"2":{"name":"(anonymous_2)","decl":{"start":{"line":52,"column":4},"end":{"line":52,"column":5}},"loc":{"start":{"line":52,"column":34},"end":{"line":62,"column":5}},"line":52}},"branchMap":{"0":{"loc":{"start":{"line":10,"column":8},"end":{"line":13,"column":9}},"type":"if","locations":[{"start":{"line":10,"column":8},"end":{"line":13,"column":9}},{"start":{"line":10,"column":8},"end":{"line":13,"column":9}}],"line":10},"1":{"loc":{"start":{"line":23,"column":12},"end":{"line":27,"column":13}},"type":"if","locations":[{"start":{"line":23,"column":12},"end":{"line":27,"column":13}}],"line":23},"2":{"loc":{"start":{"line":36,"column":12},"end":{"line":46,"column":13}},"type":"if","locations":[{"start":{"line":36,"column":12},"end":{"line":46,"column":13}},{"start":{"line":36,"column":12},"end":{"line":46,"column":13}}],"line":36},"3":{"loc":{"start":{"line":39,"column":19},"end":{"line":46,"column":13}},"type":"if","locations":[{"start":{"line":39,"column":19},"end":{"line":46,"column":13}},{"start":{"line":39,"column":19},"end":{"line":46,"column":13}}],"line":39}},"s":{"0":3,"1":3,"2":3,"3":3,"4":3,"5":6,"6":6,"7":2,"8":2,"9":4,"10":4,"11":4,"12":4,"13":3,"14":1,"15":1,"16":5,"17":5,"18":5,"19":5,"20":1,"21":4,"22":3,"23":3,"24":1,"25":1,"26":1,"27":1,"28":1,"29":3},"f":{"0":6,"1":5,"2":1},"b":{"0":[2,4],"1":[1],"2":[1,4],"3":[3,1]},"_coverageSchema":"1a1c01bbd47fc00a2c39e90264f33305004495a9","hash":"11c767267e654a24127aa69646635617d46f2429"}
,"/Users/Darrelgiovanni/Desktop/final project/baliku_server_mongodb/helper/validation.js": {"path":"/Users/Darrelgiovanni/Desktop/final project/baliku_server_mongodb/helper/validation.js","statementMap":{"0":{"start":{"line":2,"column":15},"end":{"line":2,"column":166}},"1":{"start":{"line":3,"column":4},"end":{"line":3,"column":48}},"2":{"start":{"line":6,"column":0},"end":{"line":6,"column":33}}},"fnMap":{"0":{"name":"validateEmail","decl":{"start":{"line":1,"column":9},"end":{"line":1,"column":22}},"loc":{"start":{"line":1,"column":30},"end":{"line":4,"column":1}},"line":1}},"branchMap":{},"s":{"0":6,"1":6,"2":3},"f":{"0":6},"b":{},"_coverageSchema":"1a1c01bbd47fc00a2c39e90264f33305004495a9","hash":"51926e01b58e7a0f92daa8683f3059946fe905c3"}
,"/Users/Darrelgiovanni/Desktop/final project/baliku_server_mongodb/middlewares/auth.js": {"path":"/Users/Darrelgiovanni/Desktop/final project/baliku_server_mongodb/middlewares/auth.js","statementMap":{"0":{"start":{"line":1,"column":12},"end":{"line":1,"column":35}},"1":{"start":{"line":2,"column":13},"end":{"line":2,"column":38}},"2":{"start":{"line":3,"column":21},"end":{"line":3,"column":39}},"3":{"start":{"line":6,"column":29},"end":{"line":6,"column":40}},"4":{"start":{"line":8,"column":4},"end":{"line":39,"column":5}},"5":{"start":{"line":9,"column":8},"end":{"line":36,"column":9}},"6":{"start":{"line":11,"column":26},"end":{"line":11,"column":74}},"7":{"start":{"line":14,"column":12},"end":{"line":32,"column":13}},"8":{"start":{"line":15,"column":16},"end":{"line":28,"column":23}},"9":{"start":{"line":17,"column":24},"end":{"line":23,"column":25}},"10":{"start":{"line":18,"column":28},"end":{"line":18,"column":76}},"11":{"start":{"line":20,"column":28},"end":{"line":20,"column":35}},"12":{"start":{"line":22,"column":28},"end":{"line":22,"column":97}},"13":{"start":{"line":38,"column":8},"end":{"line":38,"column":51}},"14":{"start":{"line":42,"column":0},"end":{"line":42,"column":36}}},"fnMap":{"0":{"name":"authentication","decl":{"start":{"line":5,"column":15},"end":{"line":5,"column":29}},"loc":{"start":{"line":5,"column":46},"end":{"line":40,"column":1}},"line":5},"1":{"name":"(anonymous_1)","decl":{"start":{"line":16,"column":26},"end":{"line":16,"column":27}},"loc":{"start":{"line":16,"column":36},"end":{"line":24,"column":21}},"line":16},"2":{"name":"(anonymous_2)","decl":{"start":{"line":25,"column":27},"end":{"line":25,"column":28}},"loc":{"start":{"line":25,"column":36},"end":{"line":28,"column":21}},"line":25}},"branchMap":{"0":{"loc":{"start":{"line":8,"column":4},"end":{"line":39,"column":5}},"type":"if","locations":[{"start":{"line":8,"column":4},"end":{"line":39,"column":5}},{"start":{"line":8,"column":4},"end":{"line":39,"column":5}}],"line":8},"1":{"loc":{"start":{"line":14,"column":12},"end":{"line":32,"column":13}},"type":"if","locations":[{"start":{"line":14,"column":12},"end":{"line":32,"column":13}}],"line":14},"2":{"loc":{"start":{"line":17,"column":24},"end":{"line":23,"column":25}},"type":"if","locations":[{"start":{"line":17,"column":24},"end":{"line":23,"column":25}},{"start":{"line":17,"column":24},"end":{"line":23,"column":25}}],"line":17}},"s":{"0":3,"1":3,"2":3,"3":21,"4":21,"5":20,"6":20,"7":19,"8":19,"9":19,"10":19,"11":19,"12":0,"13":1,"14":3},"f":{"0":21,"1":19,"2":0},"b":{"0":[20,1],"1":[19],"2":[19,0]},"_coverageSchema":"1a1c01bbd47fc00a2c39e90264f33305004495a9","hash":"ccdc257cedbc4676f034b50c1504e0a32c0e3888"}
,"/Users/Darrelgiovanni/Desktop/final project/baliku_server_mongodb/models/itinerary.js": {"path":"/Users/Darrelgiovanni/Desktop/final project/baliku_server_mongodb/models/itinerary.js","statementMap":{"0":{"start":{"line":31,"column":17},"end":{"line":31,"column":36}},"1":{"start":{"line":32,"column":24},"end":{"line":59,"column":2}},"2":{"start":{"line":61,"column":0},"end":{"line":61,"column":76}}},"fnMap":{},"branchMap":{},"s":{"0":3,"1":3,"2":3},"f":{},"b":{},"_coverageSchema":"1a1c01bbd47fc00a2c39e90264f33305004495a9","hash":"23e0e6164fab67d61306d64c1c9d859ef8c0fa91"}
,"/Users/Darrelgiovanni/Desktop/final project/baliku_server_mongodb/models/transaction.js": {"path":"/Users/Darrelgiovanni/Desktop/final project/baliku_server_mongodb/models/transaction.js","statementMap":{"0":{"start":{"line":1,"column":17},"end":{"line":1,"column":36}},"1":{"start":{"line":2,"column":26},"end":{"line":23,"column":2}},"2":{"start":{"line":25,"column":0},"end":{"line":25,"column":81}}},"fnMap":{},"branchMap":{},"s":{"0":3,"1":3,"2":3},"f":{},"b":{},"_coverageSchema":"1a1c01bbd47fc00a2c39e90264f33305004495a9","hash":"56b8f3612e5d16ce4107b3a9a6d0b3c7e22cf04a"}
,"/Users/Darrelgiovanni/Desktop/final project/baliku_server_mongodb/models/user.js": {"path":"/Users/Darrelgiovanni/Desktop/final project/baliku_server_mongodb/models/user.js","statementMap":{"0":{"start":{"line":1,"column":17},"end":{"line":1,"column":36}},"1":{"start":{"line":3,"column":19},"end":{"line":9,"column":1}},"2":{"start":{"line":11,"column":0},"end":{"line":11,"column":59}}},"fnMap":{},"branchMap":{},"s":{"0":3,"1":3,"2":3},"f":{},"b":{},"_coverageSchema":"1a1c01bbd47fc00a2c39e90264f33305004495a9","hash":"e67e58ccfe820c0ef42c6eeb4850a7ce95b29f4f"}
,"/Users/Darrelgiovanni/Desktop/final project/baliku_server_mongodb/routes/index.js": {"path":"/Users/Darrelgiovanni/Desktop/final project/baliku_server_mongodb/routes/index.js","statementMap":{"0":{"start":{"line":1,"column":15},"end":{"line":1,"column":42}},"1":{"start":{"line":3,"column":19},"end":{"line":3,"column":36}},"2":{"start":{"line":4,"column":24},"end":{"line":4,"column":46}},"3":{"start":{"line":5,"column":26},"end":{"line":5,"column":50}},"4":{"start":{"line":7,"column":0},"end":{"line":7,"column":33}},"5":{"start":{"line":8,"column":0},"end":{"line":8,"column":44}},"6":{"start":{"line":9,"column":0},"end":{"line":9,"column":47}},"7":{"start":{"line":11,"column":0},"end":{"line":11,"column":24}}},"fnMap":{},"branchMap":{},"s":{"0":3,"1":3,"2":3,"3":3,"4":3,"5":3,"6":3,"7":3},"f":{},"b":{},"_coverageSchema":"1a1c01bbd47fc00a2c39e90264f33305004495a9","hash":"baaa490665c0e2d1ba0a09f485b25e906ce31da4"}
,"/Users/Darrelgiovanni/Desktop/final project/baliku_server_mongodb/routes/itinerary.js": {"path":"/Users/Darrelgiovanni/Desktop/final project/baliku_server_mongodb/routes/itinerary.js","statementMap":{"0":{"start":{"line":1,"column":19},"end":{"line":1,"column":64}},"1":{"start":{"line":2,"column":15},"end":{"line":2,"column":42}},"2":{"start":{"line":3,"column":27},"end":{"line":3,"column":57}},"3":{"start":{"line":5,"column":0},"end":{"line":5,"column":27}},"4":{"start":{"line":7,"column":0},"end":{"line":7,"column":43}},"5":{"start":{"line":10,"column":0},"end":{"line":10,"column":38}},"6":{"start":{"line":12,"column":0},"end":{"line":12,"column":43}},"7":{"start":{"line":13,"column":0},"end":{"line":13,"column":44}},"8":{"start":{"line":14,"column":0},"end":{"line":14,"column":50}},"9":{"start":{"line":15,"column":0},"end":{"line":15,"column":45}},"10":{"start":{"line":17,"column":0},"end":{"line":17,"column":24}}},"fnMap":{},"branchMap":{},"s":{"0":3,"1":3,"2":3,"3":3,"4":3,"5":3,"6":3,"7":3,"8":3,"9":3,"10":3},"f":{},"b":{},"_coverageSchema":"1a1c01bbd47fc00a2c39e90264f33305004495a9","hash":"43d54d51b997bf81b855d82e17cdd902d5c12b0e"}
,"/Users/Darrelgiovanni/Desktop/final project/baliku_server_mongodb/routes/transaction.js": {"path":"/Users/Darrelgiovanni/Desktop/final project/baliku_server_mongodb/routes/transaction.js","statementMap":{"0":{"start":{"line":1,"column":19},"end":{"line":1,"column":66}},"1":{"start":{"line":2,"column":15},"end":{"line":2,"column":42}},"2":{"start":{"line":3,"column":27},"end":{"line":3,"column":57}},"3":{"start":{"line":5,"column":0},"end":{"line":5,"column":27}},"4":{"start":{"line":6,"column":0},"end":{"line":6,"column":43}},"5":{"start":{"line":7,"column":0},"end":{"line":7,"column":49}},"6":{"start":{"line":8,"column":0},"end":{"line":8,"column":44}},"7":{"start":{"line":11,"column":0},"end":{"line":11,"column":24}}},"fnMap":{},"branchMap":{},"s":{"0":3,"1":3,"2":3,"3":3,"4":3,"5":3,"6":3,"7":3},"f":{},"b":{},"_coverageSchema":"1a1c01bbd47fc00a2c39e90264f33305004495a9","hash":"f4a62b89fddff0c2d0398e47b957fedb99a390ba"}
,"/Users/Darrelgiovanni/Desktop/final project/baliku_server_mongodb/routes/user.js": {"path":"/Users/Darrelgiovanni/Desktop/final project/baliku_server_mongodb/routes/user.js","statementMap":{"0":{"start":{"line":1,"column":19},"end":{"line":1,"column":59}},"1":{"start":{"line":2,"column":15},"end":{"line":2,"column":42}},"2":{"start":{"line":3,"column":27},"end":{"line":3,"column":57}},"3":{"start":{"line":5,"column":0},"end":{"line":5,"column":46}},"4":{"start":{"line":6,"column":0},"end":{"line":6,"column":40}},"5":{"start":{"line":7,"column":0},"end":{"line":7,"column":27}},"6":{"start":{"line":8,"column":0},"end":{"line":8,"column":35}},"7":{"start":{"line":10,"column":0},"end":{"line":10,"column":24}}},"fnMap":{},"branchMap":{},"s":{"0":3,"1":3,"2":3,"3":3,"4":3,"5":3,"6":3,"7":3},"f":{},"b":{},"_coverageSchema":"1a1c01bbd47fc00a2c39e90264f33305004495a9","hash":"995da23b32376fbc922d6334205bb877ada49cc2"}
}
