{"/Users/Darrelgiovanni/Desktop/final project/baliku_server_mongodb/app.js": {"path":"/Users/Darrelgiovanni/Desktop/final project/baliku_server_mongodb/app.js","statementMap":{"0":{"start":{"line":1,"column":0},"end":{"line":1,"column":27}},"1":{"start":{"line":2,"column":16},"end":{"line":2,"column":34}},"2":{"start":{"line":4,"column":18},"end":{"line":4,"column":37}},"3":{"start":{"line":5,"column":15},"end":{"line":5,"column":40}},"4":{"start":{"line":7,"column":12},"end":{"line":7,"column":21}},"5":{"start":{"line":9,"column":0},"end":{"line":9,"column":48}},"6":{"start":{"line":10,"column":0},"end":{"line":10,"column":24}},"7":{"start":{"line":11,"column":0},"end":{"line":11,"column":16}},"8":{"start":{"line":14,"column":0},"end":{"line":14,"column":21}}},"fnMap":{},"branchMap":{},"s":{"0":2,"1":2,"2":2,"3":2,"4":2,"5":2,"6":2,"7":2,"8":2},"f":{},"b":{},"_coverageSchema":"1a1c01bbd47fc00a2c39e90264f33305004495a9","hash":"2414bdd19ace8523c19ec046ce28010c7d017886"}
,"/Users/Darrelgiovanni/Desktop/final project/baliku_server_mongodb/config/index.js": {"path":"/Users/Darrelgiovanni/Desktop/final project/baliku_server_mongodb/config/index.js","statementMap":{"0":{"start":{"line":24,"column":17},"end":{"line":24,"column":36}},"1":{"start":{"line":25,"column":12},"end":{"line":25,"column":14}},"2":{"start":{"line":27,"column":18},"end":{"line":39,"column":1}},"3":{"start":{"line":28,"column":4},"end":{"line":38,"column":5}},"4":{"start":{"line":29,"column":8},"end":{"line":34,"column":11}},"5":{"start":{"line":41,"column":0},"end":{"line":41,"column":27}}},"fnMap":{"0":{"name":"(anonymous_0)","decl":{"start":{"line":27,"column":18},"end":{"line":27,"column":19}},"loc":{"start":{"line":27,"column":30},"end":{"line":39,"column":1}},"line":27}},"branchMap":{},"s":{"0":2,"1":2,"2":2,"3":0,"4":0,"5":2},"f":{"0":0},"b":{},"_coverageSchema":"1a1c01bbd47fc00a2c39e90264f33305004495a9","hash":"0514f426062986a3f73df4785964437aed40da70"}
,"/Users/Darrelgiovanni/Desktop/final project/baliku_server_mongodb/controllers/controllerItinerary.js": {"path":"/Users/Darrelgiovanni/Desktop/final project/baliku_server_mongodb/controllers/controllerItinerary.js","statementMap":{"0":{"start":{"line":1,"column":21},"end":{"line":1,"column":39}},"1":{"start":{"line":2,"column":18},"end":{"line":2,"column":48}},"2":{"start":{"line":7,"column":32},"end":{"line":7,"column":40}},"3":{"start":{"line":8,"column":8},"end":{"line":17,"column":9}},"4":{"start":{"line":9,"column":27},"end":{"line":9,"column":59}},"5":{"start":{"line":11,"column":12},"end":{"line":11,"column":43}},"6":{"start":{"line":21,"column":23},"end":{"line":21,"column":33}},"7":{"start":{"line":23,"column":8},"end":{"line":36,"column":9}},"8":{"start":{"line":24,"column":27},"end":{"line":24,"column":60}},"9":{"start":{"line":26,"column":12},"end":{"line":32,"column":13}},"10":{"start":{"line":27,"column":16},"end":{"line":27,"column":54}},"11":{"start":{"line":40,"column":32},"end":{"line":40,"column":40}},"12":{"start":{"line":43,"column":127},"end":{"line":43,"column":135}},"13":{"start":{"line":62,"column":8},"end":{"line":94,"column":9}},"14":{"start":{"line":63,"column":27},"end":{"line":63,"column":60}},"15":{"start":{"line":65,"column":31},"end":{"line":83,"column":14}},"16":{"start":{"line":84,"column":12},"end":{"line":84,"column":49}},"17":{"start":{"line":85,"column":12},"end":{"line":85,"column":50}},"18":{"start":{"line":87,"column":12},"end":{"line":87,"column":37}},"19":{"start":{"line":98,"column":32},"end":{"line":98,"column":40}},"20":{"start":{"line":99,"column":19},"end":{"line":99,"column":32}},"21":{"start":{"line":100,"column":127},"end":{"line":100,"column":135}},"22":{"start":{"line":102,"column":33},"end":{"line":118,"column":9}},"23":{"start":{"line":120,"column":8},"end":{"line":136,"column":9}},"24":{"start":{"line":121,"column":27},"end":{"line":123,"column":14}},"25":{"start":{"line":125,"column":12},"end":{"line":129,"column":13}},"26":{"start":{"line":126,"column":16},"end":{"line":126,"column":54}},"27":{"start":{"line":128,"column":16},"end":{"line":128,"column":80}},"28":{"start":{"line":131,"column":12},"end":{"line":135,"column":13}},"29":{"start":{"line":132,"column":16},"end":{"line":132,"column":70}},"30":{"start":{"line":134,"column":16},"end":{"line":134,"column":82}},"31":{"start":{"line":140,"column":19},"end":{"line":140,"column":32}},"32":{"start":{"line":141,"column":8},"end":{"line":157,"column":9}},"33":{"start":{"line":142,"column":27},"end":{"line":142,"column":63}},"34":{"start":{"line":143,"column":12},"end":{"line":149,"column":13}},"35":{"start":{"line":144,"column":16},"end":{"line":144,"column":66}},"36":{"start":{"line":145,"column":16},"end":{"line":145,"column":47}},"37":{"start":{"line":161,"column":0},"end":{"line":161,"column":28}}},"fnMap":{"0":{"name":"(anonymous_0)","decl":{"start":{"line":5,"column":4},"end":{"line":5,"column":5}},"loc":{"start":{"line":5,"column":42},"end":{"line":18,"column":5}},"line":5},"1":{"name":"(anonymous_1)","decl":{"start":{"line":20,"column":4},"end":{"line":20,"column":5}},"loc":{"start":{"line":20,"column":34},"end":{"line":37,"column":5}},"line":20},"2":{"name":"(anonymous_2)","decl":{"start":{"line":39,"column":4},"end":{"line":39,"column":5}},"loc":{"start":{"line":39,"column":41},"end":{"line":95,"column":5}},"line":39},"3":{"name":"(anonymous_3)","decl":{"start":{"line":97,"column":4},"end":{"line":97,"column":5}},"loc":{"start":{"line":97,"column":40},"end":{"line":137,"column":5}},"line":97},"4":{"name":"(anonymous_4)","decl":{"start":{"line":139,"column":4},"end":{"line":139,"column":5}},"loc":{"start":{"line":139,"column":43},"end":{"line":158,"column":5}},"line":139}},"branchMap":{"0":{"loc":{"start":{"line":26,"column":12},"end":{"line":32,"column":13}},"type":"if","locations":[{"start":{"line":26,"column":12},"end":{"line":32,"column":13}},{"start":{"line":26,"column":12},"end":{"line":32,"column":13}}],"line":26},"1":{"loc":{"start":{"line":125,"column":12},"end":{"line":129,"column":13}},"type":"if","locations":[{"start":{"line":125,"column":12},"end":{"line":129,"column":13}},{"start":{"line":125,"column":12},"end":{"line":129,"column":13}}],"line":125},"2":{"loc":{"start":{"line":131,"column":12},"end":{"line":135,"column":13}},"type":"if","locations":[{"start":{"line":131,"column":12},"end":{"line":135,"column":13}},{"start":{"line":131,"column":12},"end":{"line":135,"column":13}}],"line":131},"3":{"loc":{"start":{"line":143,"column":12},"end":{"line":149,"column":13}},"type":"if","locations":[{"start":{"line":143,"column":12},"end":{"line":149,"column":13}},{"start":{"line":143,"column":12},"end":{"line":149,"column":13}}],"line":143}},"s":{"0":2,"1":2,"2":1,"3":1,"4":1,"5":1,"6":1,"7":1,"8":1,"9":1,"10":1,"11":1,"12":1,"13":1,"14":1,"15":1,"16":1,"17":1,"18":0,"19":1,"20":1,"21":1,"22":1,"23":1,"24":1,"25":1,"26":1,"27":0,"28":0,"29":0,"30":0,"31":1,"32":1,"33":1,"34":1,"35":1,"36":1,"37":2},"f":{"0":1,"1":1,"2":1,"3":1,"4":1},"b":{"0":[1,0],"1":[1,0],"2":[0,0],"3":[1,0]},"_coverageSchema":"1a1c01bbd47fc00a2c39e90264f33305004495a9","hash":"58e8df020488e7dae63a05b69933da8920c4628f"}
,"/Users/Darrelgiovanni/Desktop/final project/baliku_server_mongodb/controllers/controllerUser.js": {"path":"/Users/Darrelgiovanni/Desktop/final project/baliku_server_mongodb/controllers/controllerUser.js","statementMap":{"0":{"start":{"line":1,"column":21},"end":{"line":1,"column":39}},"1":{"start":{"line":2,"column":13},"end":{"line":2,"column":38}},"2":{"start":{"line":3,"column":15},"end":{"line":3,"column":32}},"3":{"start":{"line":4,"column":12},"end":{"line":4,"column":35}},"4":{"start":{"line":5,"column":26},"end":{"line":5,"column":57}},"5":{"start":{"line":9,"column":34},"end":{"line":9,"column":42}},"6":{"start":{"line":10,"column":8},"end":{"line":13,"column":9}},"7":{"start":{"line":11,"column":12},"end":{"line":11,"column":52}},"8":{"start":{"line":12,"column":12},"end":{"line":12,"column":19}},"9":{"start":{"line":14,"column":21},"end":{"line":14,"column":43}},"10":{"start":{"line":15,"column":8},"end":{"line":15,"column":51}},"11":{"start":{"line":16,"column":8},"end":{"line":24,"column":9}},"12":{"start":{"line":17,"column":29},"end":{"line":17,"column":67}},"13":{"start":{"line":19,"column":12},"end":{"line":19,"column":43}},"14":{"start":{"line":28,"column":36},"end":{"line":28,"column":44}},"15":{"start":{"line":30,"column":8},"end":{"line":45,"column":9}},"16":{"start":{"line":31,"column":29},"end":{"line":31,"column":58}},"17":{"start":{"line":32,"column":12},"end":{"line":41,"column":13}},"18":{"start":{"line":34,"column":16},"end":{"line":34,"column":72}},"19":{"start":{"line":35,"column":19},"end":{"line":41,"column":13}},"20":{"start":{"line":36,"column":28},"end":{"line":36,"column":129}},"21":{"start":{"line":38,"column":16},"end":{"line":38,"column":55}},"22":{"start":{"line":40,"column":16},"end":{"line":40,"column":72}},"23":{"start":{"line":49,"column":8},"end":{"line":56,"column":9}},"24":{"start":{"line":50,"column":29},"end":{"line":50,"column":46}},"25":{"start":{"line":52,"column":12},"end":{"line":52,"column":43}},"26":{"start":{"line":60,"column":0},"end":{"line":60,"column":28}}},"fnMap":{"0":{"name":"(anonymous_0)","decl":{"start":{"line":8,"column":4},"end":{"line":8,"column":5}},"loc":{"start":{"line":8,"column":36},"end":{"line":25,"column":5}},"line":8},"1":{"name":"(anonymous_1)","decl":{"start":{"line":26,"column":4},"end":{"line":26,"column":5}},"loc":{"start":{"line":26,"column":33},"end":{"line":46,"column":5}},"line":26},"2":{"name":"(anonymous_2)","decl":{"start":{"line":47,"column":4},"end":{"line":47,"column":5}},"loc":{"start":{"line":47,"column":34},"end":{"line":57,"column":5}},"line":47}},"branchMap":{"0":{"loc":{"start":{"line":10,"column":8},"end":{"line":13,"column":9}},"type":"if","locations":[{"start":{"line":10,"column":8},"end":{"line":13,"column":9}},{"start":{"line":10,"column":8},"end":{"line":13,"column":9}}],"line":10},"1":{"loc":{"start":{"line":32,"column":12},"end":{"line":41,"column":13}},"type":"if","locations":[{"start":{"line":32,"column":12},"end":{"line":41,"column":13}},{"start":{"line":32,"column":12},"end":{"line":41,"column":13}}],"line":32},"2":{"loc":{"start":{"line":35,"column":19},"end":{"line":41,"column":13}},"type":"if","locations":[{"start":{"line":35,"column":19},"end":{"line":41,"column":13}},{"start":{"line":35,"column":19},"end":{"line":41,"column":13}}],"line":35}},"s":{"0":2,"1":2,"2":2,"3":2,"4":2,"5":3,"6":3,"7":1,"8":1,"9":2,"10":2,"11":2,"12":2,"13":2,"14":4,"15":4,"16":4,"17":4,"18":1,"19":3,"20":2,"21":2,"22":1,"23":1,"24":1,"25":1,"26":2},"f":{"0":3,"1":4,"2":1},"b":{"0":[1,2],"1":[1,3],"2":[2,1]},"_coverageSchema":"1a1c01bbd47fc00a2c39e90264f33305004495a9","hash":"00d99b2cdb81eb3e8b2a2940d67f41ec648c002c"}
,"/Users/Darrelgiovanni/Desktop/final project/baliku_server_mongodb/helper/validation.js": {"path":"/Users/Darrelgiovanni/Desktop/final project/baliku_server_mongodb/helper/validation.js","statementMap":{"0":{"start":{"line":2,"column":15},"end":{"line":2,"column":166}},"1":{"start":{"line":3,"column":4},"end":{"line":3,"column":48}},"2":{"start":{"line":6,"column":0},"end":{"line":6,"column":33}}},"fnMap":{"0":{"name":"validateEmail","decl":{"start":{"line":1,"column":9},"end":{"line":1,"column":22}},"loc":{"start":{"line":1,"column":30},"end":{"line":4,"column":1}},"line":1}},"branchMap":{},"s":{"0":3,"1":3,"2":2},"f":{"0":3},"b":{},"_coverageSchema":"1a1c01bbd47fc00a2c39e90264f33305004495a9","hash":"51926e01b58e7a0f92daa8683f3059946fe905c3"}
,"/Users/Darrelgiovanni/Desktop/final project/baliku_server_mongodb/middlewares/auth.js": {"path":"/Users/Darrelgiovanni/Desktop/final project/baliku_server_mongodb/middlewares/auth.js","statementMap":{"0":{"start":{"line":1,"column":12},"end":{"line":1,"column":35}},"1":{"start":{"line":2,"column":13},"end":{"line":2,"column":38}},"2":{"start":{"line":3,"column":21},"end":{"line":3,"column":39}},"3":{"start":{"line":6,"column":29},"end":{"line":6,"column":40}},"4":{"start":{"line":8,"column":4},"end":{"line":40,"column":5}},"5":{"start":{"line":9,"column":8},"end":{"line":36,"column":9}},"6":{"start":{"line":11,"column":26},"end":{"line":11,"column":74}},"7":{"start":{"line":13,"column":12},"end":{"line":32,"column":13}},"8":{"start":{"line":14,"column":16},"end":{"line":28,"column":23}},"9":{"start":{"line":16,"column":24},"end":{"line":23,"column":25}},"10":{"start":{"line":17,"column":28},"end":{"line":17,"column":76}},"11":{"start":{"line":19,"column":28},"end":{"line":19,"column":35}},"12":{"start":{"line":43,"column":0},"end":{"line":43,"column":36}}},"fnMap":{"0":{"name":"authentication","decl":{"start":{"line":5,"column":15},"end":{"line":5,"column":29}},"loc":{"start":{"line":5,"column":46},"end":{"line":41,"column":1}},"line":5},"1":{"name":"(anonymous_1)","decl":{"start":{"line":15,"column":26},"end":{"line":15,"column":27}},"loc":{"start":{"line":15,"column":36},"end":{"line":24,"column":21}},"line":15},"2":{"name":"(anonymous_2)","decl":{"start":{"line":25,"column":27},"end":{"line":25,"column":28}},"loc":{"start":{"line":25,"column":36},"end":{"line":28,"column":21}},"line":25}},"branchMap":{"0":{"loc":{"start":{"line":8,"column":4},"end":{"line":40,"column":5}},"type":"if","locations":[{"start":{"line":8,"column":4},"end":{"line":40,"column":5}},{"start":{"line":8,"column":4},"end":{"line":40,"column":5}}],"line":8},"1":{"loc":{"start":{"line":13,"column":12},"end":{"line":32,"column":13}},"type":"if","locations":[{"start":{"line":13,"column":12},"end":{"line":32,"column":13}},{"start":{"line":13,"column":12},"end":{"line":32,"column":13}}],"line":13},"2":{"loc":{"start":{"line":16,"column":24},"end":{"line":23,"column":25}},"type":"if","locations":[{"start":{"line":16,"column":24},"end":{"line":23,"column":25}},{"start":{"line":16,"column":24},"end":{"line":23,"column":25}}],"line":16}},"s":{"0":2,"1":2,"2":2,"3":6,"4":6,"5":6,"6":6,"7":6,"8":6,"9":6,"10":6,"11":6,"12":2},"f":{"0":6,"1":6,"2":0},"b":{"0":[6,0],"1":[6,0],"2":[6,0]},"_coverageSchema":"1a1c01bbd47fc00a2c39e90264f33305004495a9","hash":"376f792085dca287423ff403c2fb4e9786884da4"}
,"/Users/Darrelgiovanni/Desktop/final project/baliku_server_mongodb/models/itinerary.js": {"path":"/Users/Darrelgiovanni/Desktop/final project/baliku_server_mongodb/models/itinerary.js","statementMap":{"0":{"start":{"line":31,"column":17},"end":{"line":31,"column":36}},"1":{"start":{"line":32,"column":24},"end":{"line":51,"column":2}},"2":{"start":{"line":53,"column":0},"end":{"line":53,"column":76}}},"fnMap":{},"branchMap":{},"s":{"0":2,"1":2,"2":2},"f":{},"b":{},"_coverageSchema":"1a1c01bbd47fc00a2c39e90264f33305004495a9","hash":"a71c239558195ca9c966363f6ab73abb0f248aac"}
,"/Users/Darrelgiovanni/Desktop/final project/baliku_server_mongodb/models/user.js": {"path":"/Users/Darrelgiovanni/Desktop/final project/baliku_server_mongodb/models/user.js","statementMap":{"0":{"start":{"line":1,"column":17},"end":{"line":1,"column":36}},"1":{"start":{"line":3,"column":19},"end":{"line":6,"column":25}},"2":{"start":{"line":8,"column":0},"end":{"line":8,"column":59}}},"fnMap":{},"branchMap":{},"s":{"0":2,"1":2,"2":2},"f":{},"b":{},"_coverageSchema":"1a1c01bbd47fc00a2c39e90264f33305004495a9","hash":"9c9f0ec8e027299eca7ac72387641f66ebeafb0b"}
,"/Users/Darrelgiovanni/Desktop/final project/baliku_server_mongodb/routes/index.js": {"path":"/Users/Darrelgiovanni/Desktop/final project/baliku_server_mongodb/routes/index.js","statementMap":{"0":{"start":{"line":1,"column":15},"end":{"line":1,"column":42}},"1":{"start":{"line":3,"column":19},"end":{"line":3,"column":36}},"2":{"start":{"line":4,"column":24},"end":{"line":4,"column":46}},"3":{"start":{"line":5,"column":26},"end":{"line":5,"column":50}},"4":{"start":{"line":7,"column":0},"end":{"line":7,"column":33}},"5":{"start":{"line":8,"column":0},"end":{"line":8,"column":44}},"6":{"start":{"line":9,"column":0},"end":{"line":9,"column":46}},"7":{"start":{"line":11,"column":0},"end":{"line":11,"column":24}}},"fnMap":{},"branchMap":{},"s":{"0":2,"1":2,"2":2,"3":2,"4":2,"5":2,"6":2,"7":2},"f":{},"b":{},"_coverageSchema":"1a1c01bbd47fc00a2c39e90264f33305004495a9","hash":"dfff365250e18c17aff8a08c445d10270de99089"}
,"/Users/Darrelgiovanni/Desktop/final project/baliku_server_mongodb/routes/itinerary.js": {"path":"/Users/Darrelgiovanni/Desktop/final project/baliku_server_mongodb/routes/itinerary.js","statementMap":{"0":{"start":{"line":1,"column":19},"end":{"line":1,"column":64}},"1":{"start":{"line":2,"column":15},"end":{"line":2,"column":42}},"2":{"start":{"line":3,"column":27},"end":{"line":3,"column":57}},"3":{"start":{"line":5,"column":0},"end":{"line":5,"column":27}},"4":{"start":{"line":7,"column":0},"end":{"line":7,"column":43}},"5":{"start":{"line":10,"column":0},"end":{"line":10,"column":38}},"6":{"start":{"line":12,"column":0},"end":{"line":12,"column":43}},"7":{"start":{"line":13,"column":0},"end":{"line":13,"column":44}},"8":{"start":{"line":14,"column":0},"end":{"line":14,"column":50}},"9":{"start":{"line":16,"column":0},"end":{"line":16,"column":24}}},"fnMap":{},"branchMap":{},"s":{"0":2,"1":2,"2":2,"3":2,"4":2,"5":2,"6":2,"7":2,"8":2,"9":2},"f":{},"b":{},"_coverageSchema":"1a1c01bbd47fc00a2c39e90264f33305004495a9","hash":"200ee69d6834ef9c099a538c53975a5550e1cd3f"}
,"/Users/Darrelgiovanni/Desktop/final project/baliku_server_mongodb/routes/transaction.js": {"path":"/Users/Darrelgiovanni/Desktop/final project/baliku_server_mongodb/routes/transaction.js","statementMap":{"0":{"start":{"line":1,"column":19},"end":{"line":1,"column":59}},"1":{"start":{"line":2,"column":15},"end":{"line":2,"column":42}},"2":{"start":{"line":7,"column":0},"end":{"line":7,"column":24}}},"fnMap":{},"branchMap":{},"s":{"0":2,"1":2,"2":2},"f":{},"b":{},"_coverageSchema":"1a1c01bbd47fc00a2c39e90264f33305004495a9","hash":"c3de70cc4aaae0b42dab43afe1853aa3bd3aa23e"}
,"/Users/Darrelgiovanni/Desktop/final project/baliku_server_mongodb/routes/user.js": {"path":"/Users/Darrelgiovanni/Desktop/final project/baliku_server_mongodb/routes/user.js","statementMap":{"0":{"start":{"line":1,"column":19},"end":{"line":1,"column":59}},"1":{"start":{"line":2,"column":15},"end":{"line":2,"column":42}},"2":{"start":{"line":3,"column":27},"end":{"line":3,"column":57}},"3":{"start":{"line":5,"column":0},"end":{"line":5,"column":46}},"4":{"start":{"line":6,"column":0},"end":{"line":6,"column":40}},"5":{"start":{"line":7,"column":0},"end":{"line":7,"column":27}},"6":{"start":{"line":8,"column":0},"end":{"line":8,"column":35}},"7":{"start":{"line":10,"column":0},"end":{"line":10,"column":24}}},"fnMap":{},"branchMap":{},"s":{"0":2,"1":2,"2":2,"3":2,"4":2,"5":2,"6":2,"7":2},"f":{},"b":{},"_coverageSchema":"1a1c01bbd47fc00a2c39e90264f33305004495a9","hash":"995da23b32376fbc922d6334205bb877ada49cc2"}
}
