TN:
SF:app.js
FNF:0
FNH:0
DA:1,3
DA:2,3
DA:5,3
DA:7,3
DA:9,3
DA:10,3
DA:11,3
DA:14,3
LF:8
LH:8
BRF:0
BRH:0
end_of_record
TN:
SF:config/index.js
FN:27,(anonymous_0)
FNF:1
FNH:1
FNDA:3,(anonymous_0)
DA:24,3
DA:25,3
DA:27,3
DA:28,3
DA:29,3
DA:41,3
LF:6
LH:6
BRF:0
BRH:0
end_of_record
TN:
SF:controllers/controllerItinerary.js
FN:5,(anonymous_0)
FN:20,(anonymous_1)
FN:36,(anonymous_2)
FN:87,(anonymous_3)
FN:124,(anonymous_4)
FN:144,(anonymous_5)
FNF:6
FNH:6
FNDA:1,(anonymous_0)
FNDA:2,(anonymous_1)
FNDA:2,(anonymous_2)
FNDA:3,(anonymous_3)
FNDA:2,(anonymous_4)
FNDA:3,(anonymous_5)
DA:1,3
DA:2,3
DA:7,1
DA:8,1
DA:9,1
DA:11,1
DA:21,2
DA:23,2
DA:24,2
DA:25,2
DA:26,1
DA:28,1
DA:37,2
DA:42,2
DA:61,2
DA:62,2
DA:64,2
DA:71,2
DA:74,1
DA:88,3
DA:89,3
DA:91,3
DA:94,3
DA:95,1
DA:97,2
DA:104,2
DA:105,2
DA:111,2
DA:113,1
DA:115,1
DA:125,2
DA:126,2
DA:127,2
DA:128,2
DA:129,1
DA:130,1
DA:132,1
DA:145,3
DA:148,3
DA:149,1
DA:151,2
DA:152,2
DA:154,2
DA:156,1
DA:158,1
DA:168,3
LF:46
LH:46
BRDA:25,0,0,1
BRDA:25,0,1,1
BRDA:94,1,0,1
BRDA:94,1,1,2
BRDA:94,2,0,3
BRDA:94,2,1,2
BRDA:94,2,2,2
BRDA:111,3,0,1
BRDA:111,3,1,1
BRDA:128,4,0,1
BRDA:128,4,1,1
BRDA:148,5,0,1
BRDA:148,5,1,2
BRDA:154,6,0,1
BRDA:154,6,1,1
BRF:15
BRH:15
end_of_record
TN:
SF:controllers/controllerTransaction.js
FN:5,(anonymous_0)
FN:18,(anonymous_1)
FN:34,(anonymous_2)
FNF:3
FNH:3
FNDA:1,(anonymous_0)
FNDA:2,(anonymous_1)
FNDA:2,(anonymous_2)
DA:1,3
DA:2,3
DA:6,1
DA:8,1
DA:9,1
DA:11,1
DA:19,2
DA:21,2
DA:22,2
DA:23,2
DA:24,1
DA:26,1
DA:35,2
DA:36,2
DA:37,2
DA:38,2
DA:39,2
DA:41,1
DA:44,1
DA:45,1
DA:63,3
LF:21
LH:21
BRDA:23,0,0,1
BRDA:23,0,1,1
BRDA:44,1,0,1
BRF:3
BRH:3
end_of_record
TN:
SF:controllers/controllerUser.js
FN:8,(anonymous_0)
FN:30,(anonymous_1)
FN:52,(anonymous_2)
FNF:3
FNH:3
FNDA:6,(anonymous_0)
FNDA:5,(anonymous_1)
FNDA:1,(anonymous_2)
DA:1,3
DA:2,3
DA:3,3
DA:4,3
DA:5,3
DA:9,6
DA:10,6
DA:11,2
DA:12,2
DA:14,4
DA:15,4
DA:16,4
DA:17,4
DA:19,3
DA:23,1
DA:24,1
DA:32,5
DA:34,5
DA:35,5
DA:36,5
DA:38,1
DA:39,4
DA:40,3
DA:42,3
DA:44,1
DA:45,1
DA:54,1
DA:55,1
DA:57,1
DA:65,3
LF:30
LH:30
BRDA:10,0,0,2
BRDA:10,0,1,4
BRDA:23,1,0,1
BRDA:36,2,0,1
BRDA:36,2,1,4
BRDA:39,3,0,3
BRDA:39,3,1,1
BRF:7
BRH:7
end_of_record
TN:
SF:helper/validation.js
FN:1,validateEmail
FNF:1
FNH:1
FNDA:6,validateEmail
DA:2,6
DA:3,6
DA:6,3
LF:3
LH:3
BRF:0
BRH:0
end_of_record
TN:
SF:middlewares/auth.js
FN:5,authentication
FN:16,(anonymous_1)
FN:25,(anonymous_2)
FNF:3
FNH:2
FNDA:21,authentication
FNDA:19,(anonymous_1)
FNDA:0,(anonymous_2)
DA:1,3
DA:2,3
DA:3,3
DA:6,21
DA:8,21
DA:9,20
DA:11,20
DA:14,19
DA:15,19
DA:17,19
DA:18,19
DA:20,19
DA:22,0
DA:38,1
DA:42,3
LF:15
LH:14
BRDA:8,0,0,20
BRDA:8,0,1,1
BRDA:14,1,0,19
BRDA:17,2,0,19
BRDA:17,2,1,0
BRF:5
BRH:4
end_of_record
TN:
SF:models/itinerary.js
FNF:0
FNH:0
DA:31,3
DA:32,3
DA:61,3
LF:3
LH:3
BRF:0
BRH:0
end_of_record
TN:
SF:models/transaction.js
FNF:0
FNH:0
DA:1,3
DA:2,3
DA:25,3
LF:3
LH:3
BRF:0
BRH:0
end_of_record
TN:
SF:models/user.js
FNF:0
FNH:0
DA:1,3
DA:3,3
DA:11,3
LF:3
LH:3
BRF:0
BRH:0
end_of_record
TN:
SF:routes/index.js
FNF:0
FNH:0
DA:1,3
DA:3,3
DA:4,3
DA:5,3
DA:7,3
DA:8,3
DA:9,3
DA:11,3
LF:8
LH:8
BRF:0
BRH:0
end_of_record
TN:
SF:routes/itinerary.js
FNF:0
FNH:0
DA:1,3
DA:2,3
DA:3,3
DA:5,3
DA:7,3
DA:10,3
DA:12,3
DA:13,3
DA:14,3
DA:15,3
DA:17,3
LF:11
LH:11
BRF:0
BRH:0
end_of_record
TN:
SF:routes/transaction.js
FNF:0
FNH:0
DA:1,3
DA:2,3
DA:3,3
DA:5,3
DA:6,3
DA:7,3
DA:8,3
DA:11,3
LF:8
LH:8
BRF:0
BRH:0
end_of_record
TN:
SF:routes/user.js
FNF:0
FNH:0
DA:1,3
DA:2,3
DA:3,3
DA:5,3
DA:6,3
DA:7,3
DA:8,3
DA:10,3
LF:8
LH:8
BRF:0
BRH:0
end_of_record
