TN:
SF:app.js
FNF:0
FNH:0
DA:1,2
DA:2,2
DA:4,2
DA:5,2
DA:7,2
DA:9,2
DA:10,2
DA:11,2
DA:14,2
LF:9
LH:9
BRF:0
BRH:0
end_of_record
TN:
SF:config/index.js
FN:27,(anonymous_0)
FNF:1
FNH:0
FNDA:0,(anonymous_0)
DA:24,2
DA:25,2
DA:27,2
DA:28,0
DA:29,0
DA:41,2
LF:6
LH:4
BRF:0
BRH:0
end_of_record
TN:
SF:controllers/controllerItinerary.js
FN:5,(anonymous_0)
FN:20,(anonymous_1)
FN:39,(anonymous_2)
FN:97,(anonymous_3)
FN:139,(anonymous_4)
FNF:5
FNH:5
FNDA:1,(anonymous_0)
FNDA:1,(anonymous_1)
FNDA:1,(anonymous_2)
FNDA:1,(anonymous_3)
FNDA:1,(anonymous_4)
DA:1,2
DA:2,2
DA:7,1
DA:8,1
DA:9,1
DA:11,1
DA:21,1
DA:23,1
DA:24,1
DA:26,1
DA:27,1
DA:40,1
DA:43,1
DA:62,1
DA:63,1
DA:65,1
DA:84,1
DA:85,1
DA:87,0
DA:98,1
DA:99,1
DA:100,1
DA:102,1
DA:120,1
DA:121,1
DA:125,1
DA:126,1
DA:128,0
DA:131,0
DA:132,0
DA:134,0
DA:140,1
DA:141,1
DA:142,1
DA:143,1
DA:144,1
DA:145,1
DA:161,2
LF:38
LH:33
BRDA:26,0,0,1
BRDA:26,0,1,0
BRDA:125,1,0,1
BRDA:125,1,1,0
BRDA:131,2,0,0
BRDA:131,2,1,0
BRDA:143,3,0,1
BRDA:143,3,1,0
BRF:8
BRH:3
end_of_record
TN:
SF:controllers/controllerUser.js
FN:8,(anonymous_0)
FN:26,(anonymous_1)
FN:47,(anonymous_2)
FNF:3
FNH:3
FNDA:3,(anonymous_0)
FNDA:4,(anonymous_1)
FNDA:1,(anonymous_2)
DA:1,2
DA:2,2
DA:3,2
DA:4,2
DA:5,2
DA:9,3
DA:10,3
DA:11,1
DA:12,1
DA:14,2
DA:15,2
DA:16,2
DA:17,2
DA:19,2
DA:28,4
DA:30,4
DA:31,4
DA:32,4
DA:34,1
DA:35,3
DA:36,2
DA:38,2
DA:40,1
DA:49,1
DA:50,1
DA:52,1
DA:60,2
LF:27
LH:27
BRDA:10,0,0,1
BRDA:10,0,1,2
BRDA:32,1,0,1
BRDA:32,1,1,3
BRDA:35,2,0,2
BRDA:35,2,1,1
BRF:6
BRH:6
end_of_record
TN:
SF:helper/validation.js
FN:1,validateEmail
FNF:1
FNH:1
FNDA:3,validateEmail
DA:2,3
DA:3,3
DA:6,2
LF:3
LH:3
BRF:0
BRH:0
end_of_record
TN:
SF:middlewares/auth.js
FN:5,authentication
FN:15,(anonymous_1)
FN:25,(anonymous_2)
FNF:3
FNH:2
FNDA:6,authentication
FNDA:6,(anonymous_1)
FNDA:0,(anonymous_2)
DA:1,2
DA:2,2
DA:3,2
DA:6,6
DA:8,6
DA:9,6
DA:11,6
DA:13,6
DA:14,6
DA:16,6
DA:17,6
DA:19,6
DA:43,2
LF:13
LH:13
BRDA:8,0,0,6
BRDA:8,0,1,0
BRDA:13,1,0,6
BRDA:13,1,1,0
BRDA:16,2,0,6
BRDA:16,2,1,0
BRF:6
BRH:3
end_of_record
TN:
SF:models/itinerary.js
FNF:0
FNH:0
DA:31,2
DA:32,2
DA:53,2
LF:3
LH:3
BRF:0
BRH:0
end_of_record
TN:
SF:models/user.js
FNF:0
FNH:0
DA:1,2
DA:3,2
DA:8,2
LF:3
LH:3
BRF:0
BRH:0
end_of_record
TN:
SF:routes/index.js
FNF:0
FNH:0
DA:1,2
DA:3,2
DA:4,2
DA:5,2
DA:7,2
DA:8,2
DA:9,2
DA:11,2
LF:8
LH:8
BRF:0
BRH:0
end_of_record
TN:
SF:routes/itinerary.js
FNF:0
FNH:0
DA:1,2
DA:2,2
DA:3,2
DA:5,2
DA:7,2
DA:10,2
DA:12,2
DA:13,2
DA:14,2
DA:16,2
LF:10
LH:10
BRF:0
BRH:0
end_of_record
TN:
SF:routes/transaction.js
FNF:0
FNH:0
DA:1,2
DA:2,2
DA:7,2
LF:3
LH:3
BRF:0
BRH:0
end_of_record
TN:
SF:routes/user.js
FNF:0
FNH:0
DA:1,2
DA:2,2
DA:3,2
DA:5,2
DA:6,2
DA:7,2
DA:8,2
DA:10,2
LF:8
LH:8
BRF:0
BRH:0
end_of_record
